<?xml version="1.0" encoding="UTF-8"?>
<!-- Generated by org.testng.reporters.JUnitXMLReporter -->
<testsuite ignored="0" hostname="LAPTOP-JONTFOMF" failures="0" tests="6" name="Test" time="16.0" errors="0" timestamp="2024-11-07T18:22:13 IST">
  <testcase classname="api.test.DDTests" name="testPostuUser" time="3.947"/>
  <testcase classname="api.test.DDTests" name="testPostuUser" time="2.237"/>
  <testcase classname="api.test.DDTests" name="testPostuUser" time="3.506"/>
  <testcase classname="api.test.DDTests" name="testDeleteUser" time="1.192"/>
  <testcase classname="api.test.DDTests" name="testDeleteUser" time="1.305"/>
  <testcase classname="api.test.DDTests" name="testDeleteUser" time="1.977"/>
</testsuite> <!-- Test -->
